Sep 17 00:56:34 INFO  [main] eventlisteners.ReportEventListener - Initializing XML report: /Users/cflewis/Documents/Computing/Research/Zenet/Source/MarioRules/target/site/mutationtest/mutationTestReport.xml
Sep 17 00:56:34 INFO  [main] core.Core - Investigating resources of target project
Sep 17 00:56:34 INFO  [main] resolvers.Resolver - Resolving test classes using resolver: com.retroduction.carma.resolvers.ClassMatchResolver
Sep 17 00:56:34 WARN  [main] util.TestCaseInstantiationVerifier - Skipping class in test set due to class loading problem:edu.ucsc.eis.mario.LoseSceneTest
Sep 17 00:56:34 WARN  [main] util.TestCaseInstantiationVerifier - Skipping class in test set due to class loading problem:com.mojang.sonar.sample.SamplePlayerTest
Sep 17 00:56:34 WARN  [main] util.TestCaseInstantiationVerifier - Skipping class in test set due to class loading problem:edu.ucsc.eis.mario.sprites.SpriteTest
Sep 17 00:56:34 WARN  [main] util.TestCaseInstantiationVerifier - Skipping class in test set due to class loading problem:edu.ucsc.eis.mario.level.LevelGeneratorTest
Sep 17 00:56:34 WARN  [main] util.TestCaseInstantiationVerifier - Skipping class in test set due to class loading problem:edu.ucsc.eis.mario.sprites.FireFlowerTest
Sep 17 00:56:34 WARN  [main] util.TestCaseInstantiationVerifier - Skipping class in test set due to class loading problem:edu.ucsc.eis.mario.MarioRulesTestTest
Sep 17 00:56:34 WARN  [main] util.TestCaseInstantiationVerifier - Skipping class in test set due to class loading problem:edu.ucsc.eis.mario.sprites.BulletBillTest
Sep 17 00:56:34 WARN  [main] util.TestCaseInstantiationVerifier - Skipping class in test set due to class loading problem:edu.ucsc.eis.mario.LevelSceneTest
Sep 17 00:56:34 WARN  [main] util.TestCaseInstantiationVerifier - Skipping class in test set due to class loading problem:edu.ucsc.eis.mario.level.LevelTest
Sep 17 00:56:34 WARN  [main] util.TestCaseInstantiationVerifier - Skipping class in test set due to class loading problem:edu.ucsc.eis.mario.events.MarioEventTest
Sep 17 00:56:34 WARN  [main] util.TestCaseInstantiationVerifier - Skipping class in test set due to class loading problem:edu.ucsc.eis.mario.SceneTest
Sep 17 00:56:34 WARN  [main] util.TestCaseInstantiationVerifier - Skipping class in test set due to class loading problem:edu.ucsc.eis.mario.level.ImprovedNoiseTest
Sep 17 00:56:34 WARN  [main] util.TestCaseInstantiationVerifier - Skipping class in test set due to class loading problem:edu.ucsc.eis.mario.sprites.SpriteContextTest
Sep 17 00:56:34 WARN  [main] util.TestCaseInstantiationVerifier - Skipping class in test set due to class loading problem:edu.ucsc.eis.mario.sprites.ParticleTest
Sep 17 00:56:34 WARN  [main] util.TestCaseInstantiationVerifier - Skipping class in test set due to class loading problem:edu.ucsc.eis.mario.MapSceneTest
Sep 17 00:56:34 WARN  [main] util.TestCaseInstantiationVerifier - Skipping class in test set due to class loading problem:edu.ucsc.eis.mario.events.LandingTest
Sep 17 00:56:34 WARN  [main] util.TestCaseInstantiationVerifier - Skipping class in test set due to class loading problem:edu.ucsc.eis.mario.TrackingAgendaEventListenerTest
Sep 17 00:56:34 WARN  [main] util.TestCaseInstantiationVerifier - Skipping class in test set due to class loading problem:com.mojang.sonar.FixedSoundSourceTest
Sep 17 00:56:34 WARN  [main] util.TestCaseInstantiationVerifier - Skipping class in test set due to class loading problem:edu.ucsc.eis.mario.events.JumpTest
Sep 17 00:56:34 WARN  [main] util.TestCaseInstantiationVerifier - Skipping class in test set due to class loading problem:com.mojang.sonar.SoundListenerTest
Sep 17 00:56:34 WARN  [main] util.TestCaseInstantiationVerifier - Skipping class in test set due to class loading problem:edu.ucsc.eis.mario.sprites.SparkleTest
Sep 17 00:56:34 WARN  [main] util.TestCaseInstantiationVerifier - Skipping class in test set due to class loading problem:com.mojang.sonar.mixer.ListenerMixerTest
Sep 17 00:56:34 WARN  [main] util.TestCaseInstantiationVerifier - Skipping class in test set due to class loading problem:edu.ucsc.eis.mario.Scale2xTest
Sep 17 00:56:34 WARN  [main] util.TestCaseInstantiationVerifier - Skipping class in test set due to class loading problem:edu.ucsc.eis.mario.mapedit.TilePickerTest
Sep 17 00:56:34 WARN  [main] util.TestCaseInstantiationVerifier - Skipping class in test set due to class loading problem:edu.ucsc.eis.mario.sprites.ShellTest
Sep 17 00:56:34 WARN  [main] util.TestCaseInstantiationVerifier - Skipping class in test set due to class loading problem:com.mojang.sonar.sample.SampleLoaderTest
Sep 17 00:56:34 WARN  [main] util.TestCaseInstantiationVerifier - Skipping class in test set due to class loading problem:com.mojang.sonar.StereoSoundProducerTest
Sep 17 00:56:34 WARN  [main] util.TestCaseInstantiationVerifier - Skipping class in test set due to class loading problem:com.mojang.sonar.sample.SonarSampleTest
Sep 17 00:56:34 WARN  [main] util.TestCaseInstantiationVerifier - Skipping class in test set due to class loading problem:com.mojang.sonar.SoundSourceTest
Sep 17 00:56:34 WARN  [main] util.TestCaseInstantiationVerifier - Skipping class in test set due to class loading problem:edu.ucsc.eis.mario.LevelRendererTest
Sep 17 00:56:34 WARN  [main] util.TestCaseInstantiationVerifier - Skipping class in test set due to class loading problem:edu.ucsc.eis.mario.MarioComponentTest
Sep 17 00:56:34 WARN  [main] util.TestCaseInstantiationVerifier - Skipping class in test set due to class loading problem:edu.ucsc.eis.mario.level.BgLevelGeneratorTest
Sep 17 00:56:34 WARN  [main] util.TestCaseInstantiationVerifier - Skipping class in test set due to class loading problem:edu.ucsc.eis.mario.mapedit.LevelEditViewTest
Sep 17 00:56:34 WARN  [main] util.TestCaseInstantiationVerifier - Skipping class in test set due to class loading problem:edu.ucsc.eis.mario.WinSceneTest
Sep 17 00:56:34 WARN  [main] util.TestCaseInstantiationVerifier - Skipping class in test set due to class loading problem:com.mojang.sonar.SoundProducerTest
Sep 17 00:56:34 WARN  [main] util.TestCaseInstantiationVerifier - Skipping class in test set due to class loading problem:edu.ucsc.eis.mario.sprites.MushroomTest
Sep 17 00:56:34 WARN  [main] util.TestCaseInstantiationVerifier - Skipping class in test set due to class loading problem:edu.ucsc.eis.mario.AppletLauncherTest
Sep 17 00:56:34 WARN  [main] util.TestCaseInstantiationVerifier - Skipping class in test set due to class loading problem:edu.ucsc.eis.mario.ReplayerTest
Sep 17 00:56:34 WARN  [main] util.TestCaseInstantiationVerifier - Skipping class in test set due to class loading problem:edu.ucsc.eis.mario.BgRendererTest
Sep 17 00:56:34 WARN  [main] util.TestCaseInstantiationVerifier - Skipping class in test set due to class loading problem:edu.ucsc.eis.mario.level.SpriteTemplateTest
Sep 17 00:56:34 WARN  [main] util.TestCaseInstantiationVerifier - Skipping class in test set due to class loading problem:com.mojang.sonar.mixer.SoundTest
Sep 17 00:56:34 WARN  [main] util.TestCaseInstantiationVerifier - Skipping class in test set due to class loading problem:edu.ucsc.eis.mario.sprites.MarioTestTest
Sep 17 00:56:34 WARN  [main] util.TestCaseInstantiationVerifier - Skipping class in test set due to class loading problem:com.mojang.sonar.FakeSoundEngineTest
Sep 17 00:56:34 WARN  [main] util.TestCaseInstantiationVerifier - Skipping class in test set due to class loading problem:com.mojang.sonar.SonarSoundEngineTest
Sep 17 00:56:34 WARN  [main] util.TestCaseInstantiationVerifier - Skipping class in test set due to class loading problem:edu.ucsc.eis.mario.MarioRulesFileTestTest
Sep 17 00:56:34 WARN  [main] util.TestCaseInstantiationVerifier - Skipping class in test set due to class loading problem:edu.ucsc.eis.mario.sprites.FireballTest
Sep 17 00:56:34 WARN  [main] util.TestCaseInstantiationVerifier - Skipping class in test set due to class loading problem:edu.ucsc.eis.mario.sprites.FlowerEnemyTest
Sep 17 00:56:34 WARN  [main] util.TestCaseInstantiationVerifier - Skipping class in test set due to class loading problem:edu.ucsc.eis.mario.ArtTest
Sep 17 00:56:34 WARN  [main] util.TestCaseInstantiationVerifier - Skipping class in test set due to class loading problem:edu.ucsc.eis.mario.sprites.CoinAnimTest
Sep 17 00:56:34 WARN  [main] util.TestCaseInstantiationVerifier - Skipping class in test set due to class loading problem:edu.ucsc.eis.mario.FrameLauncherTest
Sep 17 00:56:34 WARN  [main] util.TestCaseInstantiationVerifier - Skipping class in test set due to class loading problem:edu.ucsc.eis.mario.mapedit.LevelEditorTest
Sep 17 00:56:34 WARN  [main] util.TestCaseInstantiationVerifier - Skipping class in test set due to class loading problem:edu.ucsc.eis.mario.KnowledgeReaderTest
Sep 17 00:56:34 WARN  [main] util.TestCaseInstantiationVerifier - Skipping class in test set due to class loading problem:edu.ucsc.eis.mario.RecorderTest
Sep 17 00:56:34 WARN  [main] util.TestCaseInstantiationVerifier - Skipping class in test set due to class loading problem:edu.ucsc.eis.mario.level.PitTest
Sep 17 00:56:34 WARN  [main] util.TestCaseInstantiationVerifier - Skipping class in test set due to class loading problem:edu.ucsc.eis.mario.sprites.EnemyTest
Sep 17 00:56:34 WARN  [main] util.TestCaseInstantiationVerifier - Skipping class in test set due to class loading problem:edu.ucsc.eis.mario.TitleSceneTest
Sep 17 00:56:34 INFO  [main] core.Core - Performing verification run for test set sanity
Sep 17 00:56:34 WARN  [main] core.Core - Testset not sane. There are already test failures without mutation
Sep 17 00:56:34 WARN  [main] core.Core - Skipping defective tests. Proceeding with working ones. These are the broken ones: edu.ucsc.eis.mario.sprites.MarioTest 
Sep 17 00:56:34 INFO  [main] core.Core - Resolved 1 non distinct valid testclasses.
Sep 17 00:56:34 INFO  [main] core.Core - Performing mutation ...
Sep 17 00:56:34 INFO  [main] core.Core - 0 % processed ...
Sep 17 00:56:34 INFO  [main] core.Core - Performing mutation on class: edu.ucsc.eis.mario.LoseScene
Sep 17 00:56:34 INFO  [main] core.Core - Number of RORcreated mutants for current class: 5
Sep 17 00:56:34 INFO  [main] core.Core - Number of AORcreated mutants for current class: 8
Sep 17 00:56:34 INFO  [main] core.Core - 1 % processed ...
Sep 17 00:56:34 INFO  [main] core.Core - Performing mutation on class: com.mojang.sonar.sample.SamplePlayer
Sep 17 00:56:34 INFO  [main] core.Core - Number of RORcreated mutants for current class: 3
Sep 17 00:56:34 INFO  [main] core.Core - Number of AORcreated mutants for current class: 0
Sep 17 00:56:34 INFO  [main] core.Core - 3 % processed ...
Sep 17 00:56:34 INFO  [main] core.Core - Performing mutation on class: edu.ucsc.eis.mario.sprites.Sprite
Sep 17 00:56:34 INFO  [main] core.Core - Number of RORcreated mutants for current class: 5
Sep 17 00:56:34 INFO  [main] core.Core - Number of AORcreated mutants for current class: 4
Sep 17 00:56:34 INFO  [main] core.Core - 5 % processed ...
Sep 17 00:56:34 INFO  [main] core.Core - Performing mutation on class: edu.ucsc.eis.mario.level.LevelGenerator
Sep 17 00:56:34 INFO  [main] core.Core - Number of RORcreated mutants for current class: 129
Sep 17 00:56:35 INFO  [main] core.Core - Number of AORcreated mutants for current class: 181
Sep 17 00:56:35 INFO  [main] core.Core - 7 % processed ...
Sep 17 00:56:35 INFO  [main] core.Core - Performing mutation on class: edu.ucsc.eis.mario.sprites.FireFlower
Sep 17 00:56:35 INFO  [main] core.Core - Number of RORcreated mutants for current class: 5
Sep 17 00:56:35 INFO  [main] core.Core - Number of AORcreated mutants for current class: 1
Sep 17 00:56:35 INFO  [main] core.Core - 8 % processed ...
Sep 17 00:56:35 INFO  [main] core.Core - Performing mutation on class: edu.ucsc.eis.mario.MarioRulesTest
Sep 17 00:56:35 INFO  [main] core.Core - Number of RORcreated mutants for current class: 2
Sep 17 00:56:35 INFO  [main] core.Core - Number of AORcreated mutants for current class: 0
Sep 17 00:56:35 INFO  [main] core.Core - 10 % processed ...
Sep 17 00:56:35 INFO  [main] core.Core - Performing mutation on class: edu.ucsc.eis.mario.sprites.BulletBill
Sep 17 00:56:35 INFO  [main] core.Core - Number of RORcreated mutants for current class: 23
Sep 17 00:56:35 INFO  [main] core.Core - Number of AORcreated mutants for current class: 11
Sep 17 00:56:35 INFO  [main] core.Core - 12 % processed ...
Sep 17 00:56:35 INFO  [main] core.Core - Performing mutation on class: edu.ucsc.eis.mario.LevelScene
Sep 17 00:56:35 INFO  [main] core.Core - Number of RORcreated mutants for current class: 81
Sep 17 00:56:35 INFO  [main] core.Core - Number of AORcreated mutants for current class: 124
Sep 17 00:56:35 INFO  [main] core.Core - 14 % processed ...
Sep 17 00:56:35 INFO  [main] core.Core - Performing mutation on class: edu.ucsc.eis.mario.level.Level
Sep 17 00:56:35 INFO  [main] core.Core - Number of RORcreated mutants for current class: 35
Sep 17 00:56:35 INFO  [main] core.Core - Number of AORcreated mutants for current class: 5
Sep 17 00:56:35 INFO  [main] core.Core - 15 % processed ...
Sep 17 00:56:35 INFO  [main] core.Core - Performing mutation on class: edu.ucsc.eis.mario.events.MarioEvent
Sep 17 00:56:35 INFO  [main] core.Core - Number of RORcreated mutants for current class: 0
Sep 17 00:56:35 INFO  [main] core.Core - Number of AORcreated mutants for current class: 0
Sep 17 00:56:35 INFO  [main] core.Core - 17 % processed ...
Sep 17 00:56:35 INFO  [main] core.Core - Performing mutation on class: edu.ucsc.eis.mario.Scene
Sep 17 00:56:35 INFO  [main] core.Core - Number of RORcreated mutants for current class: 0
Sep 17 00:56:35 INFO  [main] core.Core - Number of AORcreated mutants for current class: 0
Sep 17 00:56:35 INFO  [main] core.Core - 19 % processed ...
Sep 17 00:56:35 INFO  [main] core.Core - Performing mutation on class: edu.ucsc.eis.mario.level.ImprovedNoise
Sep 17 00:56:35 INFO  [main] core.Core - Number of RORcreated mutants for current class: 9
Sep 17 00:56:35 INFO  [main] core.Core - Number of AORcreated mutants for current class: 58
Sep 17 00:56:35 INFO  [main] core.Core - 21 % processed ...
Sep 17 00:56:35 INFO  [main] core.Core - Performing mutation on class: edu.ucsc.eis.mario.sprites.Particle
Sep 17 00:56:35 INFO  [main] core.Core - Number of RORcreated mutants for current class: 1
Sep 17 00:56:35 INFO  [main] core.Core - Number of AORcreated mutants for current class: 1
Sep 17 00:56:35 INFO  [main] core.Core - 22 % processed ...
Sep 17 00:56:35 INFO  [main] core.Core - Performing mutation on class: edu.ucsc.eis.mario.sprites.SpriteContext
Sep 17 00:56:35 INFO  [main] core.Core - Number of RORcreated mutants for current class: 0
Sep 17 00:56:35 INFO  [main] core.Core - Number of AORcreated mutants for current class: 0
Sep 17 00:56:35 INFO  [main] core.Core - 24 % processed ...
Sep 17 00:56:35 INFO  [main] core.Core - Performing mutation on class: edu.ucsc.eis.mario.MapScene
Sep 17 00:56:35 INFO  [main] core.Core - Number of RORcreated mutants for current class: 133
Sep 17 00:56:36 INFO  [main] core.Core - Number of AORcreated mutants for current class: 218
Sep 17 00:56:36 INFO  [main] core.Core - 26 % processed ...
Sep 17 00:56:36 INFO  [main] core.Core - Performing mutation on class: edu.ucsc.eis.mario.events.Landing
Sep 17 00:56:36 INFO  [main] core.Core - Number of RORcreated mutants for current class: 0
Sep 17 00:56:36 INFO  [main] core.Core - Number of AORcreated mutants for current class: 0
Sep 17 00:56:36 INFO  [main] core.Core - 28 % processed ...
Sep 17 00:56:36 INFO  [main] core.Core - Performing mutation on class: edu.ucsc.eis.mario.TrackingAgendaEventListener
Sep 17 00:56:36 INFO  [main] core.Core - Number of RORcreated mutants for current class: 2
Sep 17 00:56:36 INFO  [main] core.Core - Number of AORcreated mutants for current class: 0
Sep 17 00:56:36 INFO  [main] core.Core - 29 % processed ...
Sep 17 00:56:36 INFO  [main] core.Core - Performing mutation on class: com.mojang.sonar.FixedSoundSource
Sep 17 00:56:36 INFO  [main] core.Core - Number of RORcreated mutants for current class: 0
Sep 17 00:56:36 INFO  [main] core.Core - Number of AORcreated mutants for current class: 0
Sep 17 00:56:36 INFO  [main] core.Core - 31 % processed ...
Sep 17 00:56:36 INFO  [main] core.Core - Performing mutation on class: com.mojang.sonar.SoundListener
Sep 17 00:56:36 INFO  [main] core.Core - Number of RORcreated mutants for current class: 0
Sep 17 00:56:36 INFO  [main] core.Core - Number of AORcreated mutants for current class: 0
Sep 17 00:56:36 INFO  [main] core.Core - 33 % processed ...
Sep 17 00:56:36 INFO  [main] core.Core - Performing mutation on class: edu.ucsc.eis.mario.events.Jump
Sep 17 00:56:36 INFO  [main] core.Core - Number of RORcreated mutants for current class: 0
Sep 17 00:56:36 INFO  [main] core.Core - Number of AORcreated mutants for current class: 0
Sep 17 00:56:36 INFO  [main] core.Core - 35 % processed ...
Sep 17 00:56:36 INFO  [main] core.Core - Performing mutation on class: edu.ucsc.eis.mario.sprites.Sparkle
Sep 17 00:56:36 INFO  [main] core.Core - Number of RORcreated mutants for current class: 2
Sep 17 00:56:36 INFO  [main] core.Core - Number of AORcreated mutants for current class: 6
Sep 17 00:56:36 INFO  [main] core.Core - 36 % processed ...
Sep 17 00:56:36 INFO  [main] core.Core - Performing mutation on class: edu.ucsc.eis.mario.Scale2x
Sep 17 00:56:36 INFO  [main] core.Core - Number of RORcreated mutants for current class: 8
Sep 17 00:56:36 INFO  [main] core.Core - Number of AORcreated mutants for current class: 15
Sep 17 00:56:36 INFO  [main] core.Core - 38 % processed ...
Sep 17 00:56:36 INFO  [main] core.Core - Performing mutation on class: com.mojang.sonar.mixer.ListenerMixer
Sep 17 00:56:36 INFO  [main] core.Core - Number of RORcreated mutants for current class: 12
Sep 17 00:56:36 INFO  [main] core.Core - Number of AORcreated mutants for current class: 0
Sep 17 00:56:36 INFO  [main] core.Core - 40 % processed ...
Sep 17 00:56:36 INFO  [main] core.Core - Performing mutation on class: edu.ucsc.eis.mario.mapedit.TilePicker
Sep 17 00:56:36 INFO  [main] core.Core - Number of RORcreated mutants for current class: 4
Sep 17 00:56:36 INFO  [main] core.Core - Number of AORcreated mutants for current class: 15
Sep 17 00:56:36 INFO  [main] core.Core - 42 % processed ...
Sep 17 00:56:36 INFO  [main] core.Core - Performing mutation on class: edu.ucsc.eis.mario.sprites.Shell
Sep 17 00:56:36 INFO  [main] core.Core - Number of RORcreated mutants for current class: 85
Sep 17 00:56:36 INFO  [main] core.Core - Number of AORcreated mutants for current class: 32
Sep 17 00:56:36 INFO  [main] core.Core - 43 % processed ...
Sep 17 00:56:36 INFO  [main] core.Core - Performing mutation on class: com.mojang.sonar.sample.SampleLoader
Sep 17 00:56:36 INFO  [main] core.Core - Number of RORcreated mutants for current class: 21
Sep 17 00:56:36 INFO  [main] core.Core - Number of AORcreated mutants for current class: 4
Sep 17 00:56:36 INFO  [main] core.Core - 45 % processed ...
Sep 17 00:56:36 INFO  [main] core.Core - Performing mutation on class: com.mojang.sonar.StereoSoundProducer
Sep 17 00:56:36 INFO  [main] core.Core - Number of RORcreated mutants for current class: 0
Sep 17 00:56:36 INFO  [main] core.Core - Number of AORcreated mutants for current class: 0
Sep 17 00:56:36 INFO  [main] core.Core - 47 % processed ...
Sep 17 00:56:36 INFO  [main] core.Core - Performing mutation on class: com.mojang.sonar.sample.SonarSample
Sep 17 00:56:36 INFO  [main] core.Core - Number of RORcreated mutants for current class: 0
Sep 17 00:56:36 INFO  [main] core.Core - Number of AORcreated mutants for current class: 0
Sep 17 00:56:36 INFO  [main] core.Core - 49 % processed ...
Sep 17 00:56:36 INFO  [main] core.Core - Performing mutation on class: com.mojang.sonar.SoundSource
Sep 17 00:56:36 INFO  [main] core.Core - Number of RORcreated mutants for current class: 0
Sep 17 00:56:36 INFO  [main] core.Core - Number of AORcreated mutants for current class: 0
Sep 17 00:56:36 INFO  [main] core.Core - 50 % processed ...
Sep 17 00:56:36 INFO  [main] core.Core - Performing mutation on class: edu.ucsc.eis.mario.sprites.Mario
Sep 17 00:56:36 INFO  [main] core.Core - Number of RORcreated mutants for current class: 163
Sep 17 00:56:36 INFO  [main] core.Core - Number of AORcreated mutants for current class: 64
Sep 17 00:56:36 INFO  [main] core.Core - 52 % processed ...
Sep 17 00:56:36 INFO  [main] core.Core - Performing mutation on class: edu.ucsc.eis.mario.LevelRenderer
Sep 17 00:56:36 INFO  [main] core.Core - Number of RORcreated mutants for current class: 38
Sep 17 00:56:36 INFO  [main] core.Core - Number of AORcreated mutants for current class: 100
Sep 17 00:56:36 INFO  [main] core.Core - 54 % processed ...
Sep 17 00:56:36 INFO  [main] core.Core - Performing mutation on class: edu.ucsc.eis.mario.MarioComponent
Sep 17 00:56:36 INFO  [main] core.Core - Number of RORcreated mutants for current class: 24
Sep 17 00:56:36 INFO  [main] core.Core - Number of AORcreated mutants for current class: 14
Sep 17 00:56:36 INFO  [main] core.Core - 56 % processed ...
Sep 17 00:56:36 INFO  [main] core.Core - Performing mutation on class: edu.ucsc.eis.mario.level.BgLevelGenerator
Sep 17 00:56:36 INFO  [main] core.Core - Number of RORcreated mutants for current class: 57
Sep 17 00:56:36 INFO  [main] core.Core - Number of AORcreated mutants for current class: 31
Sep 17 00:56:36 INFO  [main] core.Core - 57 % processed ...
Sep 17 00:56:36 INFO  [main] core.Core - Performing mutation on class: edu.ucsc.eis.mario.mapedit.LevelEditView
Sep 17 00:56:36 INFO  [main] core.Core - Number of RORcreated mutants for current class: 1
Sep 17 00:56:36 INFO  [main] core.Core - Number of AORcreated mutants for current class: 22
Sep 17 00:56:36 INFO  [main] core.Core - 59 % processed ...
Sep 17 00:56:36 INFO  [main] core.Core - Performing mutation on class: edu.ucsc.eis.mario.WinScene
Sep 17 00:56:36 INFO  [main] core.Core - Number of RORcreated mutants for current class: 4
Sep 17 00:56:36 INFO  [main] core.Core - Number of AORcreated mutants for current class: 7
Sep 17 00:56:36 INFO  [main] core.Core - 61 % processed ...
Sep 17 00:56:36 INFO  [main] core.Core - Performing mutation on class: com.mojang.sonar.SoundProducer
Sep 17 00:56:36 INFO  [main] core.Core - Number of RORcreated mutants for current class: 0
Sep 17 00:56:36 INFO  [main] core.Core - Number of AORcreated mutants for current class: 0
Sep 17 00:56:36 INFO  [main] core.Core - 63 % processed ...
Sep 17 00:56:36 INFO  [main] core.Core - Performing mutation on class: edu.ucsc.eis.mario.sprites.Mushroom
Sep 17 00:56:36 INFO  [main] core.Core - Number of RORcreated mutants for current class: 54
Sep 17 00:56:36 INFO  [main] core.Core - Number of AORcreated mutants for current class: 15
Sep 17 00:56:36 INFO  [main] core.Core - 64 % processed ...
Sep 17 00:56:36 INFO  [main] core.Core - Performing mutation on class: edu.ucsc.eis.mario.AppletLauncher
Sep 17 00:56:36 INFO  [main] core.Core - Number of RORcreated mutants for current class: 2
Sep 17 00:56:36 INFO  [main] core.Core - Number of AORcreated mutants for current class: 0
Sep 17 00:56:36 INFO  [main] core.Core - 66 % processed ...
Sep 17 00:56:36 INFO  [main] core.Core - Performing mutation on class: edu.ucsc.eis.mario.Replayer
Sep 17 00:56:36 INFO  [main] core.Core - Number of RORcreated mutants for current class: 3
Sep 17 00:56:36 INFO  [main] core.Core - Number of AORcreated mutants for current class: 1
Sep 17 00:56:36 INFO  [main] core.Core - 68 % processed ...
Sep 17 00:56:36 INFO  [main] core.Core - Performing mutation on class: edu.ucsc.eis.mario.BgRenderer
Sep 17 00:56:36 INFO  [main] core.Core - Number of RORcreated mutants for current class: 11
Sep 17 00:56:36 INFO  [main] core.Core - Number of AORcreated mutants for current class: 20
Sep 17 00:56:36 INFO  [main] core.Core - 70 % processed ...
Sep 17 00:56:36 INFO  [main] core.Core - Performing mutation on class: edu.ucsc.eis.mario.level.SpriteTemplate
Sep 17 00:56:36 INFO  [main] core.Core - Number of RORcreated mutants for current class: 2
Sep 17 00:56:36 INFO  [main] core.Core - Number of AORcreated mutants for current class: 8
Sep 17 00:56:36 INFO  [main] core.Core - 71 % processed ...
Sep 17 00:56:36 INFO  [main] core.Core - Performing mutation on class: com.mojang.sonar.mixer.Sound
Sep 17 00:56:36 INFO  [main] core.Core - Number of RORcreated mutants for current class: 5
Sep 17 00:56:36 INFO  [main] core.Core - Number of AORcreated mutants for current class: 2
Sep 17 00:56:36 INFO  [main] core.Core - 73 % processed ...
Sep 17 00:56:36 INFO  [main] core.Core - Performing mutation on class: edu.ucsc.eis.mario.sprites.MarioTest
Sep 17 00:56:36 INFO  [main] core.Core - Number of RORcreated mutants for current class: 8
Sep 17 00:56:36 INFO  [main] core.Core - Number of AORcreated mutants for current class: 0
Sep 17 00:56:36 INFO  [main] core.Core - 75 % processed ...
Sep 17 00:56:36 INFO  [main] core.Core - Performing mutation on class: com.mojang.sonar.FakeSoundEngine
Sep 17 00:56:36 INFO  [main] core.Core - Number of RORcreated mutants for current class: 0
Sep 17 00:56:36 INFO  [main] core.Core - Number of AORcreated mutants for current class: 0
Sep 17 00:56:36 INFO  [main] core.Core - 77 % processed ...
Sep 17 00:56:36 INFO  [main] core.Core - Performing mutation on class: com.mojang.sonar.SonarSoundEngine
Sep 17 00:56:36 INFO  [main] core.Core - Number of RORcreated mutants for current class: 6
Sep 17 00:56:36 INFO  [main] core.Core - Number of AORcreated mutants for current class: 11
Sep 17 00:56:36 INFO  [main] core.Core - 78 % processed ...
Sep 17 00:56:36 INFO  [main] core.Core - Performing mutation on class: edu.ucsc.eis.mario.MarioRulesFileTest
Sep 17 00:56:36 INFO  [main] core.Core - Number of RORcreated mutants for current class: 20
Sep 17 00:56:36 INFO  [main] core.Core - Number of AORcreated mutants for current class: 7
Sep 17 00:56:36 INFO  [main] core.Core - 80 % processed ...
Sep 17 00:56:36 INFO  [main] core.Core - Performing mutation on class: edu.ucsc.eis.mario.sprites.Fireball
Sep 17 00:56:36 INFO  [main] core.Core - Number of RORcreated mutants for current class: 50
Sep 17 00:56:36 INFO  [main] core.Core - Number of AORcreated mutants for current class: 25
Sep 17 00:56:36 INFO  [main] core.Core - 82 % processed ...
Sep 17 00:56:36 INFO  [main] core.Core - Performing mutation on class: edu.ucsc.eis.mario.sprites.FlowerEnemy
Sep 17 00:56:36 INFO  [main] core.Core - Number of RORcreated mutants for current class: 7
Sep 17 00:56:36 INFO  [main] core.Core - Number of AORcreated mutants for current class: 17
Sep 17 00:56:36 INFO  [main] core.Core - 84 % processed ...
Sep 17 00:56:36 INFO  [main] core.Core - Performing mutation on class: edu.ucsc.eis.mario.Art
Sep 17 00:56:36 INFO  [main] core.Core - Number of RORcreated mutants for current class: 5
Sep 17 00:56:36 INFO  [main] core.Core - Number of AORcreated mutants for current class: 6
Sep 17 00:56:36 INFO  [main] core.Core - 85 % processed ...
Sep 17 00:56:36 INFO  [main] core.Core - Performing mutation on class: edu.ucsc.eis.mario.sprites.CoinAnim
Sep 17 00:56:36 INFO  [main] core.Core - Number of RORcreated mutants for current class: 3
Sep 17 00:56:36 INFO  [main] core.Core - Number of AORcreated mutants for current class: 10
Sep 17 00:56:36 INFO  [main] core.Core - 87 % processed ...
Sep 17 00:56:36 INFO  [main] core.Core - Performing mutation on class: edu.ucsc.eis.mario.FrameLauncher
Sep 17 00:56:36 INFO  [main] core.Core - Number of RORcreated mutants for current class: 0
Sep 17 00:56:36 INFO  [main] core.Core - Number of AORcreated mutants for current class: 4
Sep 17 00:56:36 INFO  [main] core.Core - 89 % processed ...
Sep 17 00:56:36 INFO  [main] core.Core - Performing mutation on class: edu.ucsc.eis.mario.mapedit.LevelEditor
Sep 17 00:56:36 INFO  [main] core.Core - Number of RORcreated mutants for current class: 6
Sep 17 00:56:36 INFO  [main] core.Core - Number of AORcreated mutants for current class: 8
Sep 17 00:56:36 INFO  [main] core.Core - 91 % processed ...
Sep 17 00:56:36 INFO  [main] core.Core - Performing mutation on class: edu.ucsc.eis.mario.KnowledgeReader
Sep 17 00:56:36 INFO  [main] core.Core - Number of RORcreated mutants for current class: 3
Sep 17 00:56:36 INFO  [main] core.Core - Number of AORcreated mutants for current class: 0
Sep 17 00:56:36 INFO  [main] core.Core - 92 % processed ...
Sep 17 00:56:36 INFO  [main] core.Core - Performing mutation on class: edu.ucsc.eis.mario.Recorder
Sep 17 00:56:36 INFO  [main] core.Core - Number of RORcreated mutants for current class: 1
Sep 17 00:56:36 INFO  [main] core.Core - Number of AORcreated mutants for current class: 1
Sep 17 00:56:36 INFO  [main] core.Core - 94 % processed ...
Sep 17 00:56:36 INFO  [main] core.Core - Performing mutation on class: edu.ucsc.eis.mario.level.Pit
Sep 17 00:56:36 INFO  [main] core.Core - Number of RORcreated mutants for current class: 0
Sep 17 00:56:36 INFO  [main] core.Core - Number of AORcreated mutants for current class: 2
Sep 17 00:56:36 INFO  [main] core.Core - 96 % processed ...
Sep 17 00:56:36 INFO  [main] core.Core - Performing mutation on class: edu.ucsc.eis.mario.sprites.Enemy
Sep 17 00:56:36 INFO  [main] core.Core - Number of RORcreated mutants for current class: 114
Sep 17 00:56:36 INFO  [main] core.Core - Number of AORcreated mutants for current class: 56
Sep 17 00:56:36 INFO  [main] core.Core - 98 % processed ...
Sep 17 00:56:36 INFO  [main] core.Core - Performing mutation on class: edu.ucsc.eis.mario.TitleScene
Sep 17 00:56:36 INFO  [main] core.Core - Number of RORcreated mutants for current class: 4
Sep 17 00:56:36 INFO  [main] core.Core - Number of AORcreated mutants for current class: 7
Sep 17 00:56:36 INFO  [main] core.Core - 100 % processed ...
Sep 17 00:56:36 INFO  [main] eventlisteners.ReportEventListener - Finishing XML report
Sep 17 00:57:30 INFO  [main] eventlisteners.ReportEventListener - Initializing XML report: /Users/cflewis/Documents/Computing/Research/Zenet/Source/MarioRules/target/site/mutationtest/mutationTestReport.xml
Sep 17 00:57:30 INFO  [main] core.Core - Investigating resources of target project
Sep 17 00:57:30 INFO  [main] resolvers.Resolver - Resolving test classes using resolver: com.retroduction.carma.resolvers.ClassMatchResolver
Sep 17 00:57:30 WARN  [main] util.TestCaseInstantiationVerifier - Skipping class in test set due to class loading problem:edu.ucsc.eis.mario.LoseSceneTest
Sep 17 00:57:30 WARN  [main] util.TestCaseInstantiationVerifier - Skipping class in test set due to class loading problem:com.mojang.sonar.sample.SamplePlayerTest
Sep 17 00:57:30 WARN  [main] util.TestCaseInstantiationVerifier - Skipping class in test set due to class loading problem:edu.ucsc.eis.mario.sprites.SpriteTest
Sep 17 00:57:30 WARN  [main] util.TestCaseInstantiationVerifier - Skipping class in test set due to class loading problem:edu.ucsc.eis.mario.level.LevelGeneratorTest
Sep 17 00:57:30 WARN  [main] util.TestCaseInstantiationVerifier - Skipping class in test set due to class loading problem:edu.ucsc.eis.mario.sprites.FireFlowerTest
Sep 17 00:57:30 WARN  [main] util.TestCaseInstantiationVerifier - Skipping class in test set due to class loading problem:edu.ucsc.eis.mario.MarioRulesTestTest
Sep 17 00:57:30 WARN  [main] util.TestCaseInstantiationVerifier - Skipping class in test set due to class loading problem:edu.ucsc.eis.mario.sprites.BulletBillTest
Sep 17 00:57:30 WARN  [main] util.TestCaseInstantiationVerifier - Skipping class in test set due to class loading problem:edu.ucsc.eis.mario.LevelSceneTest
Sep 17 00:57:30 WARN  [main] util.TestCaseInstantiationVerifier - Skipping class in test set due to class loading problem:edu.ucsc.eis.mario.level.LevelTest
Sep 17 00:57:30 WARN  [main] util.TestCaseInstantiationVerifier - Skipping class in test set due to class loading problem:edu.ucsc.eis.mario.events.MarioEventTest
Sep 17 00:57:30 WARN  [main] util.TestCaseInstantiationVerifier - Skipping class in test set due to class loading problem:edu.ucsc.eis.mario.SceneTest
Sep 17 00:57:30 WARN  [main] util.TestCaseInstantiationVerifier - Skipping class in test set due to class loading problem:edu.ucsc.eis.mario.level.ImprovedNoiseTest
Sep 17 00:57:30 WARN  [main] util.TestCaseInstantiationVerifier - Skipping class in test set due to class loading problem:edu.ucsc.eis.mario.sprites.SpriteContextTest
Sep 17 00:57:30 WARN  [main] util.TestCaseInstantiationVerifier - Skipping class in test set due to class loading problem:edu.ucsc.eis.mario.sprites.ParticleTest
Sep 17 00:57:30 WARN  [main] util.TestCaseInstantiationVerifier - Skipping class in test set due to class loading problem:edu.ucsc.eis.mario.MapSceneTest
Sep 17 00:57:30 WARN  [main] util.TestCaseInstantiationVerifier - Skipping class in test set due to class loading problem:edu.ucsc.eis.mario.events.LandingTest
Sep 17 00:57:30 WARN  [main] util.TestCaseInstantiationVerifier - Skipping class in test set due to class loading problem:edu.ucsc.eis.mario.TrackingAgendaEventListenerTest
Sep 17 00:57:30 WARN  [main] util.TestCaseInstantiationVerifier - Skipping class in test set due to class loading problem:com.mojang.sonar.FixedSoundSourceTest
Sep 17 00:57:30 WARN  [main] util.TestCaseInstantiationVerifier - Skipping class in test set due to class loading problem:edu.ucsc.eis.mario.events.JumpTest
Sep 17 00:57:30 WARN  [main] util.TestCaseInstantiationVerifier - Skipping class in test set due to class loading problem:com.mojang.sonar.SoundListenerTest
Sep 17 00:57:30 WARN  [main] util.TestCaseInstantiationVerifier - Skipping class in test set due to class loading problem:edu.ucsc.eis.mario.sprites.SparkleTest
Sep 17 00:57:30 WARN  [main] util.TestCaseInstantiationVerifier - Skipping class in test set due to class loading problem:com.mojang.sonar.mixer.ListenerMixerTest
Sep 17 00:57:30 WARN  [main] util.TestCaseInstantiationVerifier - Skipping class in test set due to class loading problem:edu.ucsc.eis.mario.Scale2xTest
Sep 17 00:57:30 WARN  [main] util.TestCaseInstantiationVerifier - Skipping class in test set due to class loading problem:edu.ucsc.eis.mario.mapedit.TilePickerTest
Sep 17 00:57:30 WARN  [main] util.TestCaseInstantiationVerifier - Skipping class in test set due to class loading problem:edu.ucsc.eis.mario.sprites.ShellTest
Sep 17 00:57:30 WARN  [main] util.TestCaseInstantiationVerifier - Skipping class in test set due to class loading problem:com.mojang.sonar.sample.SampleLoaderTest
Sep 17 00:57:30 WARN  [main] util.TestCaseInstantiationVerifier - Skipping class in test set due to class loading problem:com.mojang.sonar.StereoSoundProducerTest
Sep 17 00:57:30 WARN  [main] util.TestCaseInstantiationVerifier - Skipping class in test set due to class loading problem:com.mojang.sonar.sample.SonarSampleTest
Sep 17 00:57:30 WARN  [main] util.TestCaseInstantiationVerifier - Skipping class in test set due to class loading problem:com.mojang.sonar.SoundSourceTest
Sep 17 00:57:30 WARN  [main] util.TestCaseInstantiationVerifier - Skipping class in test set due to class loading problem:edu.ucsc.eis.mario.LevelRendererTest
Sep 17 00:57:30 WARN  [main] util.TestCaseInstantiationVerifier - Skipping class in test set due to class loading problem:edu.ucsc.eis.mario.MarioComponentTest
Sep 17 00:57:30 WARN  [main] util.TestCaseInstantiationVerifier - Skipping class in test set due to class loading problem:edu.ucsc.eis.mario.level.BgLevelGeneratorTest
Sep 17 00:57:30 WARN  [main] util.TestCaseInstantiationVerifier - Skipping class in test set due to class loading problem:edu.ucsc.eis.mario.mapedit.LevelEditViewTest
Sep 17 00:57:30 WARN  [main] util.TestCaseInstantiationVerifier - Skipping class in test set due to class loading problem:edu.ucsc.eis.mario.WinSceneTest
Sep 17 00:57:30 WARN  [main] util.TestCaseInstantiationVerifier - Skipping class in test set due to class loading problem:com.mojang.sonar.SoundProducerTest
Sep 17 00:57:30 WARN  [main] util.TestCaseInstantiationVerifier - Skipping class in test set due to class loading problem:edu.ucsc.eis.mario.sprites.MushroomTest
Sep 17 00:57:30 WARN  [main] util.TestCaseInstantiationVerifier - Skipping class in test set due to class loading problem:edu.ucsc.eis.mario.AppletLauncherTest
Sep 17 00:57:30 WARN  [main] util.TestCaseInstantiationVerifier - Skipping class in test set due to class loading problem:edu.ucsc.eis.mario.ReplayerTest
Sep 17 00:57:30 WARN  [main] util.TestCaseInstantiationVerifier - Skipping class in test set due to class loading problem:edu.ucsc.eis.mario.BgRendererTest
Sep 17 00:57:30 WARN  [main] util.TestCaseInstantiationVerifier - Skipping class in test set due to class loading problem:edu.ucsc.eis.mario.level.SpriteTemplateTest
Sep 17 00:57:30 WARN  [main] util.TestCaseInstantiationVerifier - Skipping class in test set due to class loading problem:com.mojang.sonar.mixer.SoundTest
Sep 17 00:57:30 WARN  [main] util.TestCaseInstantiationVerifier - Skipping class in test set due to class loading problem:edu.ucsc.eis.mario.sprites.MarioTestTest
Sep 17 00:57:30 WARN  [main] util.TestCaseInstantiationVerifier - Skipping class in test set due to class loading problem:com.mojang.sonar.FakeSoundEngineTest
Sep 17 00:57:30 WARN  [main] util.TestCaseInstantiationVerifier - Skipping class in test set due to class loading problem:com.mojang.sonar.SonarSoundEngineTest
Sep 17 00:57:30 WARN  [main] util.TestCaseInstantiationVerifier - Skipping class in test set due to class loading problem:edu.ucsc.eis.mario.MarioRulesFileTestTest
Sep 17 00:57:30 WARN  [main] util.TestCaseInstantiationVerifier - Skipping class in test set due to class loading problem:edu.ucsc.eis.mario.sprites.FireballTest
Sep 17 00:57:30 WARN  [main] util.TestCaseInstantiationVerifier - Skipping class in test set due to class loading problem:edu.ucsc.eis.mario.sprites.FlowerEnemyTest
Sep 17 00:57:30 WARN  [main] util.TestCaseInstantiationVerifier - Skipping class in test set due to class loading problem:edu.ucsc.eis.mario.ArtTest
Sep 17 00:57:30 WARN  [main] util.TestCaseInstantiationVerifier - Skipping class in test set due to class loading problem:edu.ucsc.eis.mario.sprites.CoinAnimTest
Sep 17 00:57:30 WARN  [main] util.TestCaseInstantiationVerifier - Skipping class in test set due to class loading problem:edu.ucsc.eis.mario.FrameLauncherTest
Sep 17 00:57:30 WARN  [main] util.TestCaseInstantiationVerifier - Skipping class in test set due to class loading problem:edu.ucsc.eis.mario.mapedit.LevelEditorTest
Sep 17 00:57:30 WARN  [main] util.TestCaseInstantiationVerifier - Skipping class in test set due to class loading problem:edu.ucsc.eis.mario.KnowledgeReaderTest
Sep 17 00:57:30 WARN  [main] util.TestCaseInstantiationVerifier - Skipping class in test set due to class loading problem:edu.ucsc.eis.mario.RecorderTest
Sep 17 00:57:30 WARN  [main] util.TestCaseInstantiationVerifier - Skipping class in test set due to class loading problem:edu.ucsc.eis.mario.level.PitTest
Sep 17 00:57:30 WARN  [main] util.TestCaseInstantiationVerifier - Skipping class in test set due to class loading problem:edu.ucsc.eis.mario.sprites.EnemyTest
Sep 17 00:57:30 WARN  [main] util.TestCaseInstantiationVerifier - Skipping class in test set due to class loading problem:edu.ucsc.eis.mario.TitleSceneTest
Sep 17 00:57:30 INFO  [main] core.Core - Performing verification run for test set sanity
Sep 17 00:57:30 WARN  [main] core.Core - Testset not sane. There are already test failures without mutation
Sep 17 00:57:30 WARN  [main] core.Core - Skipping defective tests. Proceeding with working ones. These are the broken ones: edu.ucsc.eis.mario.sprites.MarioTest 
Sep 17 00:57:30 INFO  [main] core.Core - Resolved 1 non distinct valid testclasses.
Sep 17 00:57:30 INFO  [main] core.Core - Performing mutation ...
Sep 17 00:57:30 INFO  [main] core.Core - 0 % processed ...
Sep 17 00:57:30 INFO  [main] core.Core - Performing mutation on class: edu.ucsc.eis.mario.LoseScene
Sep 17 00:57:30 INFO  [main] core.Core - Number of RORcreated mutants for current class: 5
Sep 17 00:57:30 INFO  [main] core.Core - Number of AORcreated mutants for current class: 8
Sep 17 00:57:30 INFO  [main] core.Core - 1 % processed ...
Sep 17 00:57:30 INFO  [main] core.Core - Performing mutation on class: com.mojang.sonar.sample.SamplePlayer
Sep 17 00:57:30 INFO  [main] core.Core - Number of RORcreated mutants for current class: 3
Sep 17 00:57:30 INFO  [main] core.Core - Number of AORcreated mutants for current class: 0
Sep 17 00:57:30 INFO  [main] core.Core - 3 % processed ...
Sep 17 00:57:30 INFO  [main] core.Core - Performing mutation on class: edu.ucsc.eis.mario.sprites.Sprite
Sep 17 00:57:30 INFO  [main] core.Core - Number of RORcreated mutants for current class: 5
Sep 17 00:57:30 INFO  [main] core.Core - Number of AORcreated mutants for current class: 4
Sep 17 00:57:30 INFO  [main] core.Core - 5 % processed ...
Sep 17 00:57:30 INFO  [main] core.Core - Performing mutation on class: edu.ucsc.eis.mario.level.LevelGenerator
Sep 17 00:57:30 INFO  [main] core.Core - Number of RORcreated mutants for current class: 129
Sep 17 00:57:30 INFO  [main] core.Core - Number of AORcreated mutants for current class: 181
Sep 17 00:57:30 INFO  [main] core.Core - 7 % processed ...
Sep 17 00:57:30 INFO  [main] core.Core - Performing mutation on class: edu.ucsc.eis.mario.sprites.FireFlower
Sep 17 00:57:30 INFO  [main] core.Core - Number of RORcreated mutants for current class: 5
Sep 17 00:57:30 INFO  [main] core.Core - Number of AORcreated mutants for current class: 1
Sep 17 00:57:30 INFO  [main] core.Core - 8 % processed ...
Sep 17 00:57:30 INFO  [main] core.Core - Performing mutation on class: edu.ucsc.eis.mario.MarioRulesTest
Sep 17 00:57:31 INFO  [main] core.Core - Number of RORcreated mutants for current class: 2
Sep 17 00:57:31 INFO  [main] core.Core - Number of AORcreated mutants for current class: 0
Sep 17 00:57:31 INFO  [main] core.Core - 10 % processed ...
Sep 17 00:57:31 INFO  [main] core.Core - Performing mutation on class: edu.ucsc.eis.mario.sprites.BulletBill
Sep 17 00:57:31 INFO  [main] core.Core - Number of RORcreated mutants for current class: 23
Sep 17 00:57:31 INFO  [main] core.Core - Number of AORcreated mutants for current class: 11
Sep 17 00:57:31 INFO  [main] core.Core - 12 % processed ...
Sep 17 00:57:31 INFO  [main] core.Core - Performing mutation on class: edu.ucsc.eis.mario.LevelScene
Sep 17 00:57:31 INFO  [main] core.Core - Number of RORcreated mutants for current class: 81
Sep 17 00:57:31 INFO  [main] core.Core - Number of AORcreated mutants for current class: 124
Sep 17 00:57:31 INFO  [main] core.Core - 14 % processed ...
Sep 17 00:57:31 INFO  [main] core.Core - Performing mutation on class: edu.ucsc.eis.mario.level.Level
Sep 17 00:57:31 INFO  [main] core.Core - Number of RORcreated mutants for current class: 35
Sep 17 00:57:31 INFO  [main] core.Core - Number of AORcreated mutants for current class: 5
Sep 17 00:57:31 INFO  [main] core.Core - 15 % processed ...
Sep 17 00:57:31 INFO  [main] core.Core - Performing mutation on class: edu.ucsc.eis.mario.events.MarioEvent
Sep 17 00:57:31 INFO  [main] core.Core - Number of RORcreated mutants for current class: 0
Sep 17 00:57:31 INFO  [main] core.Core - Number of AORcreated mutants for current class: 0
Sep 17 00:57:31 INFO  [main] core.Core - 17 % processed ...
Sep 17 00:57:31 INFO  [main] core.Core - Performing mutation on class: edu.ucsc.eis.mario.Scene
Sep 17 00:57:31 INFO  [main] core.Core - Number of RORcreated mutants for current class: 0
Sep 17 00:57:31 INFO  [main] core.Core - Number of AORcreated mutants for current class: 0
Sep 17 00:57:31 INFO  [main] core.Core - 19 % processed ...
Sep 17 00:57:31 INFO  [main] core.Core - Performing mutation on class: edu.ucsc.eis.mario.level.ImprovedNoise
Sep 17 00:57:31 INFO  [main] core.Core - Number of RORcreated mutants for current class: 9
Sep 17 00:57:31 INFO  [main] core.Core - Number of AORcreated mutants for current class: 58
Sep 17 00:57:31 INFO  [main] core.Core - 21 % processed ...
Sep 17 00:57:31 INFO  [main] core.Core - Performing mutation on class: edu.ucsc.eis.mario.sprites.Particle
Sep 17 00:57:31 INFO  [main] core.Core - Number of RORcreated mutants for current class: 1
Sep 17 00:57:31 INFO  [main] core.Core - Number of AORcreated mutants for current class: 1
Sep 17 00:57:31 INFO  [main] core.Core - 22 % processed ...
Sep 17 00:57:31 INFO  [main] core.Core - Performing mutation on class: edu.ucsc.eis.mario.sprites.SpriteContext
Sep 17 00:57:31 INFO  [main] core.Core - Number of RORcreated mutants for current class: 0
Sep 17 00:57:31 INFO  [main] core.Core - Number of AORcreated mutants for current class: 0
Sep 17 00:57:31 INFO  [main] core.Core - 24 % processed ...
Sep 17 00:57:31 INFO  [main] core.Core - Performing mutation on class: edu.ucsc.eis.mario.MapScene
Sep 17 00:57:31 INFO  [main] core.Core - Number of RORcreated mutants for current class: 133
Sep 17 00:57:31 INFO  [main] core.Core - Number of AORcreated mutants for current class: 218
Sep 17 00:57:31 INFO  [main] core.Core - 26 % processed ...
Sep 17 00:57:31 INFO  [main] core.Core - Performing mutation on class: edu.ucsc.eis.mario.events.Landing
Sep 17 00:57:31 INFO  [main] core.Core - Number of RORcreated mutants for current class: 0
Sep 17 00:57:31 INFO  [main] core.Core - Number of AORcreated mutants for current class: 0
Sep 17 00:57:31 INFO  [main] core.Core - 28 % processed ...
Sep 17 00:57:31 INFO  [main] core.Core - Performing mutation on class: edu.ucsc.eis.mario.TrackingAgendaEventListener
Sep 17 00:57:31 INFO  [main] core.Core - Number of RORcreated mutants for current class: 2
Sep 17 00:57:31 INFO  [main] core.Core - Number of AORcreated mutants for current class: 0
Sep 17 00:57:31 INFO  [main] core.Core - 29 % processed ...
Sep 17 00:57:31 INFO  [main] core.Core - Performing mutation on class: com.mojang.sonar.FixedSoundSource
Sep 17 00:57:31 INFO  [main] core.Core - Number of RORcreated mutants for current class: 0
Sep 17 00:57:31 INFO  [main] core.Core - Number of AORcreated mutants for current class: 0
Sep 17 00:57:31 INFO  [main] core.Core - 31 % processed ...
Sep 17 00:57:31 INFO  [main] core.Core - Performing mutation on class: com.mojang.sonar.SoundListener
Sep 17 00:57:31 INFO  [main] core.Core - Number of RORcreated mutants for current class: 0
Sep 17 00:57:31 INFO  [main] core.Core - Number of AORcreated mutants for current class: 0
Sep 17 00:57:31 INFO  [main] core.Core - 33 % processed ...
Sep 17 00:57:31 INFO  [main] core.Core - Performing mutation on class: edu.ucsc.eis.mario.events.Jump
Sep 17 00:57:31 INFO  [main] core.Core - Number of RORcreated mutants for current class: 0
Sep 17 00:57:31 INFO  [main] core.Core - Number of AORcreated mutants for current class: 0
Sep 17 00:57:31 INFO  [main] core.Core - 35 % processed ...
Sep 17 00:57:31 INFO  [main] core.Core - Performing mutation on class: edu.ucsc.eis.mario.sprites.Sparkle
Sep 17 00:57:31 INFO  [main] core.Core - Number of RORcreated mutants for current class: 2
Sep 17 00:57:31 INFO  [main] core.Core - Number of AORcreated mutants for current class: 6
Sep 17 00:57:31 INFO  [main] core.Core - 36 % processed ...
Sep 17 00:57:31 INFO  [main] core.Core - Performing mutation on class: edu.ucsc.eis.mario.Scale2x
Sep 17 00:57:31 INFO  [main] core.Core - Number of RORcreated mutants for current class: 8
Sep 17 00:57:31 INFO  [main] core.Core - Number of AORcreated mutants for current class: 15
Sep 17 00:57:31 INFO  [main] core.Core - 38 % processed ...
Sep 17 00:57:31 INFO  [main] core.Core - Performing mutation on class: com.mojang.sonar.mixer.ListenerMixer
Sep 17 00:57:31 INFO  [main] core.Core - Number of RORcreated mutants for current class: 12
Sep 17 00:57:31 INFO  [main] core.Core - Number of AORcreated mutants for current class: 0
Sep 17 00:57:31 INFO  [main] core.Core - 40 % processed ...
Sep 17 00:57:31 INFO  [main] core.Core - Performing mutation on class: edu.ucsc.eis.mario.mapedit.TilePicker
Sep 17 00:57:31 INFO  [main] core.Core - Number of RORcreated mutants for current class: 4
Sep 17 00:57:31 INFO  [main] core.Core - Number of AORcreated mutants for current class: 15
Sep 17 00:57:31 INFO  [main] core.Core - 42 % processed ...
Sep 17 00:57:31 INFO  [main] core.Core - Performing mutation on class: edu.ucsc.eis.mario.sprites.Shell
Sep 17 00:57:31 INFO  [main] core.Core - Number of RORcreated mutants for current class: 85
Sep 17 00:57:31 INFO  [main] core.Core - Number of AORcreated mutants for current class: 32
Sep 17 00:57:31 INFO  [main] core.Core - 43 % processed ...
Sep 17 00:57:31 INFO  [main] core.Core - Performing mutation on class: com.mojang.sonar.sample.SampleLoader
Sep 17 00:57:31 INFO  [main] core.Core - Number of RORcreated mutants for current class: 21
Sep 17 00:57:31 INFO  [main] core.Core - Number of AORcreated mutants for current class: 4
Sep 17 00:57:31 INFO  [main] core.Core - 45 % processed ...
Sep 17 00:57:31 INFO  [main] core.Core - Performing mutation on class: com.mojang.sonar.StereoSoundProducer
Sep 17 00:57:31 INFO  [main] core.Core - Number of RORcreated mutants for current class: 0
Sep 17 00:57:31 INFO  [main] core.Core - Number of AORcreated mutants for current class: 0
Sep 17 00:57:31 INFO  [main] core.Core - 47 % processed ...
Sep 17 00:57:31 INFO  [main] core.Core - Performing mutation on class: com.mojang.sonar.sample.SonarSample
Sep 17 00:57:31 INFO  [main] core.Core - Number of RORcreated mutants for current class: 0
Sep 17 00:57:31 INFO  [main] core.Core - Number of AORcreated mutants for current class: 0
Sep 17 00:57:31 INFO  [main] core.Core - 49 % processed ...
Sep 17 00:57:31 INFO  [main] core.Core - Performing mutation on class: com.mojang.sonar.SoundSource
Sep 17 00:57:32 INFO  [main] core.Core - Number of RORcreated mutants for current class: 0
Sep 17 00:57:32 INFO  [main] core.Core - Number of AORcreated mutants for current class: 0
Sep 17 00:57:32 INFO  [main] core.Core - 50 % processed ...
Sep 17 00:57:32 INFO  [main] core.Core - Performing mutation on class: edu.ucsc.eis.mario.sprites.Mario
Sep 17 00:57:32 INFO  [main] core.Core - Number of RORcreated mutants for current class: 163
Sep 17 00:57:32 INFO  [main] core.Core - Number of AORcreated mutants for current class: 64
Sep 17 00:57:32 INFO  [main] core.Core - 52 % processed ...
Sep 17 00:57:32 INFO  [main] core.Core - Performing mutation on class: edu.ucsc.eis.mario.LevelRenderer
Sep 17 00:57:32 INFO  [main] core.Core - Number of RORcreated mutants for current class: 38
Sep 17 00:57:32 INFO  [main] core.Core - Number of AORcreated mutants for current class: 100
Sep 17 00:57:32 INFO  [main] core.Core - 54 % processed ...
Sep 17 00:57:32 INFO  [main] core.Core - Performing mutation on class: edu.ucsc.eis.mario.MarioComponent
Sep 17 00:57:32 INFO  [main] core.Core - Number of RORcreated mutants for current class: 24
Sep 17 00:57:32 INFO  [main] core.Core - Number of AORcreated mutants for current class: 14
Sep 17 00:57:32 INFO  [main] core.Core - 56 % processed ...
Sep 17 00:57:32 INFO  [main] core.Core - Performing mutation on class: edu.ucsc.eis.mario.level.BgLevelGenerator
Sep 17 00:57:32 INFO  [main] core.Core - Number of RORcreated mutants for current class: 57
Sep 17 00:57:32 INFO  [main] core.Core - Number of AORcreated mutants for current class: 31
Sep 17 00:57:32 INFO  [main] core.Core - 57 % processed ...
Sep 17 00:57:32 INFO  [main] core.Core - Performing mutation on class: edu.ucsc.eis.mario.mapedit.LevelEditView
Sep 17 00:57:32 INFO  [main] core.Core - Number of RORcreated mutants for current class: 1
Sep 17 00:57:32 INFO  [main] core.Core - Number of AORcreated mutants for current class: 22
Sep 17 00:57:32 INFO  [main] core.Core - 59 % processed ...
Sep 17 00:57:32 INFO  [main] core.Core - Performing mutation on class: edu.ucsc.eis.mario.WinScene
Sep 17 00:57:32 INFO  [main] core.Core - Number of RORcreated mutants for current class: 4
Sep 17 00:57:32 INFO  [main] core.Core - Number of AORcreated mutants for current class: 7
Sep 17 00:57:32 INFO  [main] core.Core - 61 % processed ...
Sep 17 00:57:32 INFO  [main] core.Core - Performing mutation on class: com.mojang.sonar.SoundProducer
Sep 17 00:57:32 INFO  [main] core.Core - Number of RORcreated mutants for current class: 0
Sep 17 00:57:32 INFO  [main] core.Core - Number of AORcreated mutants for current class: 0
Sep 17 00:57:32 INFO  [main] core.Core - 63 % processed ...
Sep 17 00:57:32 INFO  [main] core.Core - Performing mutation on class: edu.ucsc.eis.mario.sprites.Mushroom
Sep 17 00:57:32 INFO  [main] core.Core - Number of RORcreated mutants for current class: 54
Sep 17 00:57:32 INFO  [main] core.Core - Number of AORcreated mutants for current class: 15
Sep 17 00:57:32 INFO  [main] core.Core - 64 % processed ...
Sep 17 00:57:32 INFO  [main] core.Core - Performing mutation on class: edu.ucsc.eis.mario.AppletLauncher
Sep 17 00:57:32 INFO  [main] core.Core - Number of RORcreated mutants for current class: 2
Sep 17 00:57:32 INFO  [main] core.Core - Number of AORcreated mutants for current class: 0
Sep 17 00:57:32 INFO  [main] core.Core - 66 % processed ...
Sep 17 00:57:32 INFO  [main] core.Core - Performing mutation on class: edu.ucsc.eis.mario.Replayer
Sep 17 00:57:32 INFO  [main] core.Core - Number of RORcreated mutants for current class: 3
Sep 17 00:57:32 INFO  [main] core.Core - Number of AORcreated mutants for current class: 1
Sep 17 00:57:32 INFO  [main] core.Core - 68 % processed ...
Sep 17 00:57:32 INFO  [main] core.Core - Performing mutation on class: edu.ucsc.eis.mario.BgRenderer
Sep 17 00:57:32 INFO  [main] core.Core - Number of RORcreated mutants for current class: 11
Sep 17 00:57:32 INFO  [main] core.Core - Number of AORcreated mutants for current class: 20
Sep 17 00:57:32 INFO  [main] core.Core - 70 % processed ...
Sep 17 00:57:32 INFO  [main] core.Core - Performing mutation on class: edu.ucsc.eis.mario.level.SpriteTemplate
Sep 17 00:57:32 INFO  [main] core.Core - Number of RORcreated mutants for current class: 2
Sep 17 00:57:32 INFO  [main] core.Core - Number of AORcreated mutants for current class: 8
Sep 17 00:57:32 INFO  [main] core.Core - 71 % processed ...
Sep 17 00:57:32 INFO  [main] core.Core - Performing mutation on class: com.mojang.sonar.mixer.Sound
Sep 17 00:57:32 INFO  [main] core.Core - Number of RORcreated mutants for current class: 5
Sep 17 00:57:32 INFO  [main] core.Core - Number of AORcreated mutants for current class: 2
Sep 17 00:57:32 INFO  [main] core.Core - 73 % processed ...
Sep 17 00:57:32 INFO  [main] core.Core - Performing mutation on class: edu.ucsc.eis.mario.sprites.MarioTest
Sep 17 00:57:32 INFO  [main] core.Core - Number of RORcreated mutants for current class: 8
Sep 17 00:57:32 INFO  [main] core.Core - Number of AORcreated mutants for current class: 0
Sep 17 00:57:32 INFO  [main] core.Core - 75 % processed ...
Sep 17 00:57:32 INFO  [main] core.Core - Performing mutation on class: com.mojang.sonar.FakeSoundEngine
Sep 17 00:57:32 INFO  [main] core.Core - Number of RORcreated mutants for current class: 0
Sep 17 00:57:32 INFO  [main] core.Core - Number of AORcreated mutants for current class: 0
Sep 17 00:57:32 INFO  [main] core.Core - 77 % processed ...
Sep 17 00:57:32 INFO  [main] core.Core - Performing mutation on class: com.mojang.sonar.SonarSoundEngine
Sep 17 00:57:32 INFO  [main] core.Core - Number of RORcreated mutants for current class: 6
Sep 17 00:57:32 INFO  [main] core.Core - Number of AORcreated mutants for current class: 11
Sep 17 00:57:32 INFO  [main] core.Core - 78 % processed ...
Sep 17 00:57:32 INFO  [main] core.Core - Performing mutation on class: edu.ucsc.eis.mario.MarioRulesFileTest
Sep 17 00:57:32 INFO  [main] core.Core - Number of RORcreated mutants for current class: 20
Sep 17 00:57:32 INFO  [main] core.Core - Number of AORcreated mutants for current class: 7
Sep 17 00:57:32 INFO  [main] core.Core - 80 % processed ...
Sep 17 00:57:32 INFO  [main] core.Core - Performing mutation on class: edu.ucsc.eis.mario.sprites.Fireball
Sep 17 00:57:32 INFO  [main] core.Core - Number of RORcreated mutants for current class: 50
Sep 17 00:57:32 INFO  [main] core.Core - Number of AORcreated mutants for current class: 25
Sep 17 00:57:32 INFO  [main] core.Core - 82 % processed ...
Sep 17 00:57:32 INFO  [main] core.Core - Performing mutation on class: edu.ucsc.eis.mario.sprites.FlowerEnemy
Sep 17 00:57:32 INFO  [main] core.Core - Number of RORcreated mutants for current class: 7
Sep 17 00:57:32 INFO  [main] core.Core - Number of AORcreated mutants for current class: 17
Sep 17 00:57:32 INFO  [main] core.Core - 84 % processed ...
Sep 17 00:57:32 INFO  [main] core.Core - Performing mutation on class: edu.ucsc.eis.mario.Art
Sep 17 00:57:32 INFO  [main] core.Core - Number of RORcreated mutants for current class: 5
Sep 17 00:57:32 INFO  [main] core.Core - Number of AORcreated mutants for current class: 6
Sep 17 00:57:32 INFO  [main] core.Core - 85 % processed ...
Sep 17 00:57:32 INFO  [main] core.Core - Performing mutation on class: edu.ucsc.eis.mario.sprites.CoinAnim
Sep 17 00:57:32 INFO  [main] core.Core - Number of RORcreated mutants for current class: 3
Sep 17 00:57:32 INFO  [main] core.Core - Number of AORcreated mutants for current class: 10
Sep 17 00:57:32 INFO  [main] core.Core - 87 % processed ...
Sep 17 00:57:32 INFO  [main] core.Core - Performing mutation on class: edu.ucsc.eis.mario.FrameLauncher
Sep 17 00:57:32 INFO  [main] core.Core - Number of RORcreated mutants for current class: 0
Sep 17 00:57:32 INFO  [main] core.Core - Number of AORcreated mutants for current class: 4
Sep 17 00:57:32 INFO  [main] core.Core - 89 % processed ...
Sep 17 00:57:32 INFO  [main] core.Core - Performing mutation on class: edu.ucsc.eis.mario.mapedit.LevelEditor
Sep 17 00:57:32 INFO  [main] core.Core - Number of RORcreated mutants for current class: 6
Sep 17 00:57:32 INFO  [main] core.Core - Number of AORcreated mutants for current class: 8
Sep 17 00:57:32 INFO  [main] core.Core - 91 % processed ...
Sep 17 00:57:32 INFO  [main] core.Core - Performing mutation on class: edu.ucsc.eis.mario.KnowledgeReader
Sep 17 00:57:32 INFO  [main] core.Core - Number of RORcreated mutants for current class: 3
Sep 17 00:57:32 INFO  [main] core.Core - Number of AORcreated mutants for current class: 0
Sep 17 00:57:32 INFO  [main] core.Core - 92 % processed ...
Sep 17 00:57:32 INFO  [main] core.Core - Performing mutation on class: edu.ucsc.eis.mario.Recorder
Sep 17 00:57:32 INFO  [main] core.Core - Number of RORcreated mutants for current class: 1
Sep 17 00:57:32 INFO  [main] core.Core - Number of AORcreated mutants for current class: 1
Sep 17 00:57:32 INFO  [main] core.Core - 94 % processed ...
Sep 17 00:57:32 INFO  [main] core.Core - Performing mutation on class: edu.ucsc.eis.mario.level.Pit
Sep 17 00:57:32 INFO  [main] core.Core - Number of RORcreated mutants for current class: 0
Sep 17 00:57:32 INFO  [main] core.Core - Number of AORcreated mutants for current class: 2
Sep 17 00:57:32 INFO  [main] core.Core - 96 % processed ...
Sep 17 00:57:32 INFO  [main] core.Core - Performing mutation on class: edu.ucsc.eis.mario.sprites.Enemy
Sep 17 00:57:32 INFO  [main] core.Core - Number of RORcreated mutants for current class: 114
Sep 17 00:57:32 INFO  [main] core.Core - Number of AORcreated mutants for current class: 56
Sep 17 00:57:32 INFO  [main] core.Core - 98 % processed ...
Sep 17 00:57:32 INFO  [main] core.Core - Performing mutation on class: edu.ucsc.eis.mario.TitleScene
Sep 17 00:57:32 INFO  [main] core.Core - Number of RORcreated mutants for current class: 4
Sep 17 00:57:32 INFO  [main] core.Core - Number of AORcreated mutants for current class: 7
Sep 17 00:57:32 INFO  [main] core.Core - 100 % processed ...
Sep 17 00:57:32 INFO  [main] eventlisteners.ReportEventListener - Finishing XML report
